Traceback (most recent call last):
  File "/home/hag007/micromamba/lib/python3.11/site-packages/jupyter_cache/executors/utils.py", line 58, in single_nb_execution
    executenb(
  File "/home/hag007/micromamba/lib/python3.11/site-packages/nbclient/client.py", line 1319, in execute
    return NotebookClient(nb=nb, resources=resources, km=km, **kwargs).execute()
           ^^^^^^^^^^^^^^^^^^^^^^^^^^^^^^^^^^^^^^^^^^^^^^^^^^^^^^^^^^^^^^^^^^^^^
  File "/home/hag007/micromamba/lib/python3.11/site-packages/jupyter_core/utils/__init__.py", line 165, in wrapped
    return loop.run_until_complete(inner)
           ^^^^^^^^^^^^^^^^^^^^^^^^^^^^^^
  File "/home/hag007/micromamba/lib/python3.11/asyncio/base_events.py", line 654, in run_until_complete
    return future.result()
           ^^^^^^^^^^^^^^^
  File "/home/hag007/micromamba/lib/python3.11/site-packages/nbclient/client.py", line 709, in async_execute
    await self.async_execute_cell(
  File "/home/hag007/micromamba/lib/python3.11/site-packages/nbclient/client.py", line 1062, in async_execute_cell
    await self._check_raise_for_error(cell, cell_index, exec_reply)
  File "/home/hag007/micromamba/lib/python3.11/site-packages/nbclient/client.py", line 918, in _check_raise_for_error
    raise CellExecutionError.from_cell_and_msg(cell, exec_reply_content)
nbclient.exceptions.CellExecutionError: An error occurred while executing the following cell:
------------------

from IPython.display import Video
Video("../_static/videos/lec3.mp4")
------------------


[31m---------------------------------------------------------------------------[39m
[31mValueError[39m                                Traceback (most recent call last)
[36mCell[39m[36m [39m[32mIn[3][39m[32m, line 2[39m
[32m      1[39m [38;5;28;01mfrom[39;00m[38;5;250m [39m[34;01mIPython[39;00m[34;01m.[39;00m[34;01mdisplay[39;00m[38;5;250m [39m[38;5;28;01mimport[39;00m Video
[32m----> [39m[32m2[39m [43mVideo[49m[43m([49m[33;43m"[39;49m[33;43m../_static/videos/lec3.mp4[39;49m[33;43m"[39;49m[43m)[49m

[36mFile [39m[32m~/micromamba/lib/python3.11/site-packages/IPython/core/display.py:1217[39m, in [36mVideo.__init__[39m[34m(self, data, url, filename, embed, mimetype, width, height, html_attributes)[39m
[32m   1211[39m [38;5;28;01mif[39;00m data [38;5;129;01mand[39;00m [38;5;129;01mnot[39;00m embed:
[32m   1212[39m     msg = [33m'[39m[33m'[39m.join([
[32m   1213[39m         [33m"[39m[33mTo embed videos, you must pass embed=True [39m[33m"[39m,
[32m   1214[39m         [33m"[39m[33m(this may make your notebook files huge)[39m[38;5;130;01m\n[39;00m[33m"[39m,
[32m   1215[39m         [33m"[39m[33mConsider passing Video(url=[39m[33m'[39m[33m...[39m[33m'[39m[33m)[39m[33m"[39m,
[32m   1216[39m     ])
[32m-> [39m[32m1217[39m     [38;5;28;01mraise[39;00m [38;5;167;01mValueError[39;00m(msg)
[32m   1219[39m [38;5;28mself[39m.mimetype = mimetype
[32m   1220[39m [38;5;28mself[39m.embed = embed

[31mValueError[39m: To embed videos, you must pass embed=True (this may make your notebook files huge)
Consider passing Video(url='...')

